-- Basic Extension Setup
CREATE EXTENSION duckdb_fdw;
-- Create Server
CREATE SERVER duckdb_test FOREIGN DATA WRAPPER duckdb_fdw
OPTIONS (database ':memory:');
-- Admin helper privilege defaults
CREATE ROLE duckdb_fdw_unprivileged;
SELECT has_function_privilege('duckdb_fdw_unprivileged', 'duckdb_execute(name,text)', 'EXECUTE');
 has_function_privilege
------------------------
 f
(1 row)

SELECT has_function_privilege('duckdb_fdw_unprivileged', 'duckdb_create_s3_secret(name,text,text,text,text)', 'EXECUTE');
 has_function_privilege
------------------------
 f
(1 row)

-- Test version function
SELECT duckdb_fdw_version() IS NOT NULL;
 ?column? 
----------
 t
(1 row)

-- Create a table in DuckDB via DDL function
SELECT duckdb_execute('duckdb_test', 'CREATE TABLE test_types (i INTEGER, j BIGINT, d DOUBLE, s VARCHAR)');
 duckdb_execute
----------------

(1 row)

SELECT duckdb_execute('duckdb_test', 'INSERT INTO test_types VALUES (1, 100, 3.14, ''hello''), (2, 200, 6.28, ''world'')');
 duckdb_execute
----------------

(1 row)

-- Map it to PostgreSQL
CREATE FOREIGN TABLE test_types (
    i INT4,
    j INT8,
    d FLOAT8,
    s TEXT
) SERVER duckdb_test OPTIONS (table 'test_types');
-- Basic Query
SELECT * FROM test_types ORDER BY i;
 i |  j  |  d   |   s   
---+-----+------+-------
 1 | 100 | 3.14 | hello
 2 | 200 | 6.28 | world
(2 rows)

-- Filter pushdown test
EXPLAIN (VERBOSE, COSTS OFF) SELECT * FROM test_types WHERE i = 1;
            QUERY PLAN             
-----------------------------------
Foreign Scan on public.test_types
  Output: i, j, d, s
(2 rows)

SELECT * FROM test_types WHERE i = 1;
 i |  j  |  d   |   s   
---+-----+------+-------
 1 | 100 | 3.14 | hello
(1 row)

-- Server option refresh should use a new DuckDB database after ALTER SERVER
CREATE SERVER duckdb_switch FOREIGN DATA WRAPPER duckdb_fdw
OPTIONS (database 'duckdb_switch_one.db');
SELECT duckdb_execute('duckdb_switch', 'DROP TABLE IF EXISTS switch_test');
 duckdb_execute
----------------

(1 row)

SELECT duckdb_execute('duckdb_switch', 'CREATE TABLE switch_test (i INTEGER)');
 duckdb_execute
----------------

(1 row)

SELECT duckdb_execute('duckdb_switch', 'INSERT INTO switch_test VALUES (1)');
 duckdb_execute
----------------

(1 row)

ALTER SERVER duckdb_switch OPTIONS (SET database ':memory:');
SELECT duckdb_execute('duckdb_switch', 'CREATE TABLE switch_test (i INTEGER)');
 duckdb_execute
----------------

(1 row)

SELECT duckdb_execute('duckdb_switch', 'INSERT INTO switch_test VALUES (2)');
 duckdb_execute
----------------

(1 row)

CREATE FOREIGN TABLE switch_test_ft (
    i INT4
) SERVER duckdb_switch OPTIONS (table 'switch_test');
SELECT * FROM switch_test_ft;
 i
---
 2
(1 row)

DROP FOREIGN TABLE switch_test_ft;
DROP SERVER duckdb_switch CASCADE;

-- Unsupported write paths remain explicit
UPDATE test_types SET s = 'changed' WHERE i = 1;
ERROR:  UPDATE not supported
DELETE FROM test_types WHERE i = 1;
ERROR:  DELETE not supported

-- Cleanup
DROP FOREIGN TABLE test_types;
DROP ROLE duckdb_fdw_unprivileged;
DROP SERVER duckdb_test CASCADE;
DROP EXTENSION duckdb_fdw;
